<?xml version="1.0" encoding="UTF-8"?>
<testng-results skipped="0" failed="0" ignored="0" total="1" passed="1">
  <reporter-output>
  </reporter-output>
  <suite name="Surefire suite" duration-ms="118162" started-at="2022-02-25T16:09:06 IST" finished-at="2022-02-25T16:11:04 IST">
    <groups>
      <group name="cucumber">
        <method signature="AbstractTestNGCucumberTests.runScenario(io.cucumber.testng.PickleWrapper,io.cucumber.testng.FeatureWrapper)[pri:0, instance:cucumberOptions.TestNGTestRunner@27808f31]" name="runScenario" class="io.cucumber.testng.AbstractTestNGCucumberTests"/>
      </group> <!-- cucumber -->
    </groups>
    <test name="Surefire test" duration-ms="118162" started-at="2022-02-25T16:09:06 IST" finished-at="2022-02-25T16:11:04 IST">
      <class name="cucumberOptions.TestNGTestRunner">
        <test-method status="PASS" signature="setUpClass(org.testng.ITestContext)[pri:0, instance:cucumberOptions.TestNGTestRunner@27808f31]" name="setUpClass" is-config="true" duration-ms="670" started-at="2022-02-25T16:09:06 IST" finished-at="2022-02-25T16:09:06 IST">
          <params>
            <param index="0">
              <value>
                <![CDATA[org.testng.TestRunner@7a1234bf]]>
              </value>
            </param>
          </params>
          <reporter-output>
          </reporter-output>
        </test-method> <!-- setUpClass -->
        <test-method status="PASS" signature="runScenario(io.cucumber.testng.PickleWrapper,io.cucumber.testng.FeatureWrapper)[pri:0, instance:cucumberOptions.TestNGTestRunner@27808f31]" name="runScenario" duration-ms="117036" started-at="2022-02-25T16:09:06 IST" description="Runs Cucumber Scenarios" data-provider="scenarios" finished-at="2022-02-25T16:11:03 IST">
          <params>
            <param index="0">
              <value>
                <![CDATA["Checkout feature validation"]]>
              </value>
            </param>
            <param index="1">
              <value>
                <![CDATA["Optional[Checkout feature]"]]>
              </value>
            </param>
          </params>
          <reporter-output>
          </reporter-output>
        </test-method> <!-- runScenario -->
        <test-method status="PASS" signature="tearDownClass()[pri:0, instance:cucumberOptions.TestNGTestRunner@27808f31]" name="tearDownClass" is-config="true" duration-ms="400" started-at="2022-02-25T16:11:03 IST" finished-at="2022-02-25T16:11:04 IST">
          <reporter-output>
          </reporter-output>
        </test-method> <!-- tearDownClass -->
      </class> <!-- cucumberOptions.TestNGTestRunner -->
    </test> <!-- Surefire test -->
  </suite> <!-- Surefire suite -->
</testng-results>
